<?xml version="1.0" encoding="UTF-8"?>
<!-- Generated by org.testng.reporters.JUnitXMLReporter -->
<testsuite ignored="0" hostname="Admins-MBP.Home" failures="0" tests="4" name="Default test" time="9.716" errors="0" timestamp="2024-05-16T08:54:25 BST">
  <testcase classname="api.test.UserTests" name="testPostUser" time="4.514"/>
  <testcase classname="api.test.UserTests" name="testGetUserByName" time="1.069"/>
  <testcase classname="api.test.UserTests" name="testUpdateUserByName" time="1.455"/>
  <testcase classname="api.test.UserTests" name="testDeleteUserByName" time="0.861"/>
</testsuite> <!-- Default test -->
