<?xml version="1.0" encoding="UTF-8"?>
<testng-results ignored="0" total="4" passed="4" failed="0" skipped="0">
  <reporter-output>
  </reporter-output>
  <suite started-at="2024-05-16T10:14:09 BST" name="PetSuite" finished-at="2024-05-16T10:14:17 BST" duration-ms="8564">
    <groups>
    </groups>
    <test started-at="2024-05-16T10:14:09 BST" name="PetTest" finished-at="2024-05-16T10:14:17 BST" duration-ms="8564">
      <class name="api.test.UserTests">
        <test-method is-config="true" signature="setup()[pri:0, instance:api.test.UserTests@fba92d3]" started-at="2024-05-16T10:14:09 BST" name="setup" finished-at="2024-05-16T10:14:11 BST" duration-ms="1422" status="PASS">
          <reporter-output>
          </reporter-output>
        </test-method> <!-- setup -->
        <test-method signature="testPostUser()[pri:1, instance:api.test.UserTests@fba92d3]" started-at="2024-05-16T10:14:11 BST" name="testPostUser" finished-at="2024-05-16T10:14:15 BST" duration-ms="4177" status="PASS">
          <reporter-output>
          </reporter-output>
        </test-method> <!-- testPostUser -->
        <test-method signature="testGetUserByName()[pri:2, instance:api.test.UserTests@fba92d3]" started-at="2024-05-16T10:14:15 BST" name="testGetUserByName" finished-at="2024-05-16T10:14:15 BST" duration-ms="629" status="PASS">
          <reporter-output>
          </reporter-output>
        </test-method> <!-- testGetUserByName -->
        <test-method signature="testUpdateUserByName()[pri:3, instance:api.test.UserTests@fba92d3]" started-at="2024-05-16T10:14:15 BST" name="testUpdateUserByName" finished-at="2024-05-16T10:14:17 BST" duration-ms="1136" status="PASS">
          <reporter-output>
          </reporter-output>
        </test-method> <!-- testUpdateUserByName -->
        <test-method signature="testDeleteUserByName()[pri:4, instance:api.test.UserTests@fba92d3]" started-at="2024-05-16T10:14:17 BST" name="testDeleteUserByName" finished-at="2024-05-16T10:14:17 BST" duration-ms="598" status="PASS">
          <reporter-output>
          </reporter-output>
        </test-method> <!-- testDeleteUserByName -->
      </class> <!-- api.test.UserTests -->
    </test> <!-- PetTest -->
  </suite> <!-- PetSuite -->
</testng-results>
